Unity Editor version:    2022.3.21f1 (bf09ca542b87)
Branch:                  2022.3/staging
Build type:              Release
Batch mode:              YES
macOS version:           Version 15.0 (Build 24A335)
Darwin version:          24.0.0
Architecture:            arm64
Running under Rosetta:   NO
Available memory:        16384 MB
Using pre-set license
Pro License: YES

COMMAND LINE ARGUMENTS:
/Applications/Unity/Hub/Editor/2022.3.21f1/Unity.app/Contents/MacOS/Unity
-adb2
-batchMode
-noUpm
-name
AssetImportWorker0
-projectPath
/Volumes/T7/GitHub/Deniusl/DexStudios Ecosystem
-logFile
Logs/AssetImportWorker0.log
-srvPort
55238
Successfully changed project path to: /Volumes/T7/GitHub/Deniusl/DexStudios Ecosystem
/Volumes/T7/GitHub/Deniusl/DexStudios Ecosystem
[UnityMemory] Configuration Parameters - Can be set up in boot.config
    "memorysetup-bucket-allocator-granularity=16"
    "memorysetup-bucket-allocator-bucket-count=8"
    "memorysetup-bucket-allocator-block-size=33554432"
    "memorysetup-bucket-allocator-block-count=8"
    "memorysetup-main-allocator-block-size=16777216"
    "memorysetup-thread-allocator-block-size=16777216"
    "memorysetup-gfx-main-allocator-block-size=16777216"
    "memorysetup-gfx-thread-allocator-block-size=16777216"
    "memorysetup-cache-allocator-block-size=4194304"
    "memorysetup-typetree-allocator-block-size=2097152"
    "memorysetup-profiler-bucket-allocator-granularity=16"
    "memorysetup-profiler-bucket-allocator-bucket-count=8"
    "memorysetup-profiler-bucket-allocator-block-size=33554432"
    "memorysetup-profiler-bucket-allocator-block-count=8"
    "memorysetup-profiler-allocator-block-size=16777216"
    "memorysetup-profiler-editor-allocator-block-size=1048576"
    "memorysetup-temp-allocator-size-main=16777216"
    "memorysetup-job-temp-allocator-block-size=2097152"
    "memorysetup-job-temp-allocator-block-size-background=1048576"
    "memorysetup-job-temp-allocator-reduction-small-platforms=262144"
    "memorysetup-allocator-temp-initial-block-size-main=262144"
    "memorysetup-allocator-temp-initial-block-size-worker=262144"
    "memorysetup-temp-allocator-size-background-worker=32768"
    "memorysetup-temp-allocator-size-job-worker=262144"
    "memorysetup-temp-allocator-size-preload-manager=33554432"
    "memorysetup-temp-allocator-size-nav-mesh-worker=65536"
    "memorysetup-temp-allocator-size-audio-worker=65536"
    "memorysetup-temp-allocator-size-cloud-worker=32768"
    "memorysetup-temp-allocator-size-gi-baking-worker=262144"
    "memorysetup-temp-allocator-size-gfx=262144"
Player connection [8641311296] Host "[IP] 192.168.68.102 [Port] 0 [Flags] 2 [Guid] 53672508 [EditorId] 53672508 [Version] 1048832 [Id] OSXEditor(0,Deniss-iMac.local) [Debug] 1 [PackageName] OSXEditor [ProjectName] Editor" joined multi-casting on [225.0.0.222:54997]...

Player connection [8641311296] Host "[IP] 192.168.68.102 [Port] 0 [Flags] 2 [Guid] 53672508 [EditorId] 53672508 [Version] 1048832 [Id] OSXEditor(0,Deniss-iMac.local) [Debug] 1 [PackageName] OSXEditor [ProjectName] Editor" joined alternative multi-casting on [225.0.0.222:34997]...

[Physics::Module] Initialized MultithreadedJobDispatcher with 7 workers.
Refreshing native plugins compatible for Editor in 42.12 ms, found 2 plugins.
Preloading 0 native plugins for Editor in 0.00 ms.
Initialize engine version: 2022.3.21f1 (bf09ca542b87)
[Subsystems] Discovering subsystems at path /Applications/Unity/Hub/Editor/2022.3.21f1/Unity.app/Contents/Resources/UnitySubsystems
[Subsystems] Discovering subsystems at path /Volumes/T7/GitHub/Deniusl/DexStudios Ecosystem/Assets
GfxDevice: creating device client; threaded=0; jobified=0
 preferred device: Apple M1 (high power)
Metal devices available: 1
0: Apple M1 (high power)
Using device Apple M1 (high power)
Initializing Metal device caps: Apple M1
Initialize mono
Mono path[0] = '/Applications/Unity/Hub/Editor/2022.3.21f1/Unity.app/Contents/Managed'
Mono path[1] = '/Applications/Unity/Hub/Editor/2022.3.21f1/Unity.app/Contents/MonoBleedingEdge/lib/mono/unityjit-macos'
Mono config path = '/Applications/Unity/Hub/Editor/2022.3.21f1/Unity.app/Contents/MonoBleedingEdge/etc'
Using monoOptions --debugger-agent=transport=dt_socket,embedding=1,server=y,suspend=n,address=127.0.0.1:56801
Begin MonoManager ReloadAssembly
Registering precompiled unity dll's ...
Register platform support module: /Applications/Unity/Hub/Editor/2022.3.21f1/PlaybackEngines/WebGLSupport/UnityEditor.WebGL.Extensions.dll
Register platform support module: /Applications/Unity/Hub/Editor/2022.3.21f1/Unity.app/Contents/PlaybackEngines/MacStandaloneSupport/UnityEditor.OSXStandalone.Extensions.dll
Register platform support module: /Applications/Unity/Hub/Editor/2022.3.21f1/PlaybackEngines/AndroidPlayer/UnityEditor.Android.Extensions.dll
Register platform support module: /Applications/Unity/Hub/Editor/2022.3.21f1/PlaybackEngines/iOSSupport/UnityEditor.iOS.Extensions.dll
Register platform support module: /Applications/Unity/Hub/Editor/2022.3.21f1/PlaybackEngines/VisionOSPlayer/UnityEditor.VisionOS.Extensions.dll
Registered in 0.004765 seconds.
- Loaded All Assemblies, in  0.270 seconds
[usbmuxd] Start listen thread
[usbmuxd] Listen thread started
[usbmuxd] Send listen message
Native extension for VisionOS target not found
objc[6801]: Class XcodeScriptingDelegate is implemented in both /Applications/Unity/Hub/Editor/2022.3.21f1/PlaybackEngines/VisionOSPlayer/arm64/UnityEditor.VisionOS.Native.dylib (0x143b7c5d8) and /Applications/Unity/Hub/Editor/2022.3.21f1/PlaybackEngines/iOSSupport/arm64/UnityEditor.iOS.Native.dylib (0x143ba45d8). One of the two will be used. Which one is undefined.
[usbmuxd] Start listen thread
[usbmuxd] Listen thread started
[usbmuxd] Send listen message
Native extension for iOS target not found
Native extension for Android target not found
Android Extension - Scanning For ADB Devices 79 ms
Native extension for OSXStandalone target not found
Native extension for WebGL target not found
Mono: successfully reloaded assembly
- Finished resetting the current domain, in  0.357 seconds
Domain Reload Profiling: 627ms
	BeginReloadAssembly (98ms)
		ExecutionOrderSort (0ms)
		DisableScriptedObjects (0ms)
		BackupInstance (0ms)
		ReleaseScriptingObjects (0ms)
		CreateAndSetChildDomain (0ms)
	RebuildCommonClasses (23ms)
	RebuildNativeTypeToScriptingClass (8ms)
	initialDomainReloadingComplete (34ms)
	LoadAllAssembliesAndSetupDomain (107ms)
		LoadAssemblies (100ms)
		RebuildTransferFunctionScriptingTraits (0ms)
		AnalyzeDomain (104ms)
			TypeCache.Refresh (103ms)
				TypeCache.ScanAssembly (93ms)
			ScanForSourceGeneratedMonoScriptInfo (0ms)
			ResolveRequiredComponents (0ms)
	FinalizeReload (357ms)
		ReleaseScriptCaches (0ms)
		RebuildScriptCaches (0ms)
		SetupLoadedEditorAssemblies (319ms)
			LogAssemblyErrors (0ms)
			InitializePlatformSupportModulesInManaged (225ms)
			SetLoadedEditorAssemblies (3ms)
			RefreshPlugins (0ms)
			BeforeProcessingInitializeOnLoad (1ms)
			ProcessInitializeOnLoadAttributes (65ms)
			ProcessInitializeOnLoadMethodAttributes (25ms)
			AfterProcessingInitializeOnLoad (0ms)
			EditorAssembliesLoaded (0ms)
		ExecutionOrderSort2 (0ms)
		AwakeInstancesAfterBackupRestoration (0ms)
========================================================================
Worker process is ready to serve import requests
Begin MonoManager ReloadAssembly
Assembly 'Assets/ConnectWallet/Plugins/Web3/sdk_core_ethers.dll' will not be loaded due to errors:
Unable to resolve reference 'GameData'. Is the assembly missing or incompatible with the current platform?
Reference validation can be disabled in the Plugin Inspector.
- Loaded All Assemblies, in  0.684 seconds
Refreshing native plugins compatible for Editor in 1.48 ms, found 2 plugins.
Native extension for VisionOS target not found
Native extension for iOS target not found
Native extension for Android target not found
Native extension for OSXStandalone target not found
Native extension for WebGL target not found
Package Manager log level set to [2]
[Package Manager] Server::EnsureServerProcessIsRunning -- launch failed, reason: Unity was launched with the -noUpm command-line argument
[Package Manager] UpmClient::Send -- Unable to send message (not connected to UPM process).
[Package Manager] Cannot connect to Unity Package Manager local server
Mono: successfully reloaded assembly
- Finished resetting the current domain, in  0.370 seconds
Domain Reload Profiling: 1054ms
	BeginReloadAssembly (92ms)
		ExecutionOrderSort (0ms)
		DisableScriptedObjects (3ms)
		BackupInstance (0ms)
		ReleaseScriptingObjects (0ms)
		CreateAndSetChildDomain (20ms)
	RebuildCommonClasses (23ms)
	RebuildNativeTypeToScriptingClass (8ms)
	initialDomainReloadingComplete (24ms)
	LoadAllAssembliesAndSetupDomain (537ms)
		LoadAssemblies (420ms)
		RebuildTransferFunctionScriptingTraits (0ms)
		AnalyzeDomain (166ms)
			TypeCache.Refresh (152ms)
				TypeCache.ScanAssembly (132ms)
			ScanForSourceGeneratedMonoScriptInfo (9ms)
			ResolveRequiredComponents (3ms)
	FinalizeReload (370ms)
		ReleaseScriptCaches (0ms)
		RebuildScriptCaches (0ms)
		SetupLoadedEditorAssemblies (257ms)
			LogAssemblyErrors (0ms)
			InitializePlatformSupportModulesInManaged (24ms)
			SetLoadedEditorAssemblies (2ms)
			RefreshPlugins (0ms)
			BeforeProcessingInitializeOnLoad (32ms)
			ProcessInitializeOnLoadAttributes (181ms)
			ProcessInitializeOnLoadMethodAttributes (17ms)
			AfterProcessingInitializeOnLoad (1ms)
			EditorAssembliesLoaded (0ms)
		ExecutionOrderSort2 (0ms)
		AwakeInstancesAfterBackupRestoration (2ms)
Launching external process: /Applications/Unity/Hub/Editor/2022.3.21f1/Unity.app/Contents/Tools/UnityShaderCompiler
Launched and connected shader compiler UnityShaderCompiler after 0.02 seconds
Refreshing native plugins compatible for Editor in 1.51 ms, found 2 plugins.
Preloading 0 native plugins for Editor in 0.00 ms.
Unloading 3539 Unused Serialized files (Serialized files now loaded: 0)
Unloading 60 unused Assets / (88.9 KB). Loaded Objects now: 3994.
Memory consumption went from 147.6 MB to 147.5 MB.
Total: 2.809333 ms (FindLiveObjects: 0.102875 ms CreateObjectMapping: 0.043875 ms MarkObjects: 2.496292 ms  DeleteObjects: 0.165541 ms)

AssetImportParameters requested are different than current active one (requested -> active):
  custom:container-demuxer-ogg: 62fdf1f143b41e24485cea50d1cbac27 -> 
  custom:video-decoder-ogg-theora: a1e56fd34408186e4bbccfd4996cb3dc -> 
  custom:CustomObjectIndexerAttribute: 9a22284fe3817be447336de3de66b15e -> 
  custom:container-demuxer-webm: 4f35f7cbe854078d1ac9338744f61a02 -> 
  custom:container-muxer-webm: aa71ff27fc2769a1b78a27578f13a17b -> 
  custom:video-decoder-webm-vp8: 9c59270c3fd7afecdb556c50c9e8de78 -> 
  custom:SearchIndexIgnoredProperties: e643bd26f0fe6173181afceb89e7c659 -> 
  custom:AudioImporter_EditorPlatform: 3918e3fc78b5a79bad01e8451be0beb8 -> 
  custom:framework-osx-AVFoundation: e770b220cccbd017edd2c1fefb359320 -> 
  custom:video-encoder-webm-vp8: eb34c28f22e8b96e1ab97ce403110664 -> 
  custom:audio-decoder-ogg-vorbis: bf7c407c2cedff20999df2af8eb42d56 -> 
  custom:audio-encoder-webm-vorbis: bf7c407c2cedff20999df2af8eb42d56 -> 
========================================================================
Received Import Request.
  Time since last request: 21629.271744 seconds.
  path: Assets/ConnectWallet/Scripts/Services/BalanceService/BalanceMobileService.cs
  artifactKey: Guid(3902ce8fa183548a1bc14f528e7aa253) Importer(815301076,1909f56bfc062723c751e8b465ee728b)
Start importing Assets/ConnectWallet/Scripts/Services/BalanceService/BalanceMobileService.cs using Guid(3902ce8fa183548a1bc14f528e7aa253) Importer(815301076,1909f56bfc062723c751e8b465ee728b)  -> (artifact id: '4199a768534a21a3f0ad50c12e485533') in 0.001191 seconds
Number of updated asset objects reloaded before import = 0
Number of asset objects unloaded after import = 0
========================================================================
Received Import Request.
  Time since last request: 0.397257 seconds.
  path: Assets/ConnectWallet/Services/BalanceService/BalanceMobileService.cs
  artifactKey: Guid(a096877d22f99460795e99066a7df0af) Importer(815301076,1909f56bfc062723c751e8b465ee728b)
Start importing Assets/ConnectWallet/Services/BalanceService/BalanceMobileService.cs using Guid(a096877d22f99460795e99066a7df0af) Importer(815301076,1909f56bfc062723c751e8b465ee728b)  -> (artifact id: 'b5fa772b75856a643aacfe13bcde447b') in 0.000399 seconds
Number of updated asset objects reloaded before import = 0
Number of asset objects unloaded after import = 0
========================================================================
Received Import Request.
  Time since last request: 17.774954 seconds.
  path: Assets/ConnectWallet/Services
  artifactKey: Guid(b3c2d2368170a435a90931c5a1e1f3e4) Importer(815301076,1909f56bfc062723c751e8b465ee728b)
Start importing Assets/ConnectWallet/Services using Guid(b3c2d2368170a435a90931c5a1e1f3e4) Importer(815301076,1909f56bfc062723c751e8b465ee728b)  -> (artifact id: '71607642be83c5b8a9fd6e739bf40a4f') in 0.000433 seconds
Number of updated asset objects reloaded before import = 0
Number of asset objects unloaded after import = 0
========================================================================
Received Import Request.
  Time since last request: 597.130601 seconds.
  path: Assets/GameSystems
  artifactKey: Guid(27fce5b16c53b449093c70e769acfaae) Importer(815301076,1909f56bfc062723c751e8b465ee728b)
Start importing Assets/GameSystems using Guid(27fce5b16c53b449093c70e769acfaae) Importer(815301076,1909f56bfc062723c751e8b465ee728b)  -> (artifact id: 'b38fb587460aca57296a93d793fc603b') in 0.001619 seconds
Number of updated asset objects reloaded before import = 0
Number of asset objects unloaded after import = 0
========================================================================
Received Import Request.
  Time since last request: 178.243553 seconds.
  path: Assets/D-Tree assets
  artifactKey: Guid(d93db99c514544c54a1147ccae87700e) Importer(815301076,1909f56bfc062723c751e8b465ee728b)
Start importing Assets/D-Tree assets using Guid(d93db99c514544c54a1147ccae87700e) Importer(815301076,1909f56bfc062723c751e8b465ee728b)  -> (artifact id: '070cbf31a92cc4a595494e8b91822b02') in 0.001364 seconds
Number of updated asset objects reloaded before import = 0
Number of asset objects unloaded after import = 0
========================================================================
Received Import Request.
  Time since last request: 43.114189 seconds.
  path: Assets/Resources/DOTweenSettings.asset
  artifactKey: Guid(027aeec1b4cf84660899bc21c5973719) Importer(815301076,1909f56bfc062723c751e8b465ee728b)
Start importing Assets/Resources/DOTweenSettings.asset using Guid(027aeec1b4cf84660899bc21c5973719) Importer(815301076,1909f56bfc062723c751e8b465ee728b)  -> (artifact id: '6db55b175f41e50d899c78dc8ecf2d74') in 0.027653 seconds
Number of updated asset objects reloaded before import = 0
Number of asset objects unloaded after import = 1
========================================================================
Received Import Request.
  Time since last request: 58.526244 seconds.
  path: Assets/GameSystems/ConnectWallet/Resources/chainsafemenulogo.png
  artifactKey: Guid(05b191c1eedcefd418f509b7d13ac4dd) Importer(815301076,1909f56bfc062723c751e8b465ee728b)
Start importing Assets/GameSystems/ConnectWallet/Resources/chainsafemenulogo.png using Guid(05b191c1eedcefd418f509b7d13ac4dd) Importer(815301076,1909f56bfc062723c751e8b465ee728b)  -> (artifact id: 'fa00164d432d996e1a8dca2c2db59cbb') in 0.163071 seconds
Number of updated asset objects reloaded before import = 0
Number of asset objects unloaded after import = 3
========================================================================
Received Import Request.
  Time since last request: 136.116347 seconds.
  path: Assets/GameSystems/Scripts/AddHealthFlow
  artifactKey: Guid(344ba00aa0d2d47d2b28f41d25cf112b) Importer(815301076,1909f56bfc062723c751e8b465ee728b)
Start importing Assets/GameSystems/Scripts/AddHealthFlow using Guid(344ba00aa0d2d47d2b28f41d25cf112b) Importer(815301076,1909f56bfc062723c751e8b465ee728b)  -> (artifact id: '4c49c9ea1771635e4bd7fc3caa2cd60d') in 0.001326 seconds
Number of updated asset objects reloaded before import = 0
Number of asset objects unloaded after import = 0
========================================================================
Received Import Request.
  Time since last request: 19.700730 seconds.
  path: Assets/GameSystems/Scripts/BuyFlow
  artifactKey: Guid(05156836e1b5e4c209e76ec64443bfc9) Importer(815301076,1909f56bfc062723c751e8b465ee728b)
Start importing Assets/GameSystems/Scripts/BuyFlow using Guid(05156836e1b5e4c209e76ec64443bfc9) Importer(815301076,1909f56bfc062723c751e8b465ee728b)  -> (artifact id: '87fe4f770b6e982670abed1ed7d6e403') in 0.001555 seconds
Number of updated asset objects reloaded before import = 0
Number of asset objects unloaded after import = 0
